Error: test
Info: New bank created
Info: New bank created
Info: New bank created
Info: New bank created
Info: New bank created
Info: New customer created: {"Id":0,"Name":"User1","PhoneNumber":"123456","Birthday":"2000-10-10T00:00:00","FirstSavingsAccount":true}
Info: New customer created: {"Id":1,"Name":"User2","PhoneNumber":"987654","Birthday":"2010-10-10T00:00:00","FirstSavingsAccount":true}
Info: New bank created
Info: New customer created: {"Id":0,"Name":"User1","PhoneNumber":"123456","Birthday":"2000-10-10T00:00:00","FirstSavingsAccount":true}
Info: New customer created: {"Id":1,"Name":"User2","PhoneNumber":"987654","Birthday":"2010-10-10T00:00:00","FirstSavingsAccount":true}
Info: New CurrentAccount created {"BankCards":null,"AccountNumber":"5579602457","Balance":0,"Customers":[]}
Info: New CurrentAccount created {"BankCards":null,"AccountNumber":"3998826490","Balance":0,"Customers":[]}
Info: Customer added to account: Backend.Accounts.CurrentAccount
Warning: Customer already member of account
Info: Customer added to account: Backend.Accounts.SavingAccount
Warning: Customer already member of account
Info: Customer added to account: Backend.Accounts.SavingAccount
Warning: Customer already member of account
Info: New CreditCard created: {"Balance":0,"CardNumber":"52012079","Customer":{"Id":0,"Name":"User1","PhoneNumber":"123456","Birthday":"2000-10-10T00:00:00","FirstSavingsAccount":true}}
Info: New BankCard created: {"CardNumber":"17875349","Customer":{"Id":0,"Name":"User1","PhoneNumber":"123456","Birthday":"2000-10-10T00:00:00","FirstSavingsAccount":true}}
Info: New bank created
Info: New customer created: {"Id":0,"Name":"User1","PhoneNumber":"123456","Birthday":"2000-10-10T00:00:00","FirstSavingsAccount":true}
Info: New customer created: {"Id":1,"Name":"User2","PhoneNumber":"987654","Birthday":"2010-10-10T00:00:00","FirstSavingsAccount":true}
Info: New CurrentAccount created {"BankCards":null,"AccountNumber":"0066365845","Balance":0,"Customers":[]}
Info: New CurrentAccount created {"BankCards":null,"AccountNumber":"8685959374","Balance":0,"Customers":[]}
Info: Customer added to account: Backend.Accounts.CurrentAccount
Warning: Customer already member of account
Info: Customer added to account: Backend.Accounts.SavingAccount
Warning: Customer already member of account
Info: Customer added to account: Backend.Accounts.SavingAccount
Warning: Customer already member of account
Info: New CreditCard created: {"Balance":0,"CardNumber":"23584120","Customer":{"Id":0,"Name":"User1","PhoneNumber":"123456","Birthday":"2000-10-10T00:00:00","FirstSavingsAccount":true}}
Info: New BankCard created: {"CardNumber":"77494206","Customer":{"Id":0,"Name":"User1","PhoneNumber":"123456","Birthday":"2000-10-10T00:00:00","FirstSavingsAccount":true}}
Info: error
Info: New BankCard added to account {"BankCards":null,"AccountNumber":"0066365845","Balance":0,"Customers":[{"Id":0,"Name":"User1","PhoneNumber":"123456","Birthday":"2000-10-10T00:00:00","FirstSavingsAccount":true}]}
Error: Customer has no access to CurrentAccount, BankCard not added {"Id":1,"Name":"User2","PhoneNumber":"987654","Birthday":"2010-10-10T00:00:00","FirstSavingsAccount":true}
Info: 100 deposited to account {"BankCards":null,"AccountNumber":"0066365845","Balance":100,"Customers":[{"Id":0,"Name":"User1","PhoneNumber":"123456","Birthday":"2000-10-10T00:00:00","FirstSavingsAccount":true}]}
Info: 80 widthdrawn from account {"BankCards":null,"AccountNumber":"0066365845","Balance":20,"Customers":[{"Id":0,"Name":"User1","PhoneNumber":"123456","Birthday":"2000-10-10T00:00:00","FirstSavingsAccount":true}]}
Error: 80 cannot be widthdrawn from account {"BankCards":null,"AccountNumber":"0066365845","Balance":20,"Customers":[{"Id":0,"Name":"User1","PhoneNumber":"123456","Birthday":"2000-10-10T00:00:00","FirstSavingsAccount":true}]}
Error: 30 cannot be widthdrawn from account {"BankCards":null,"AccountNumber":"0066365845","Balance":20,"Customers":[{"Id":0,"Name":"User1","PhoneNumber":"123456","Birthday":"2000-10-10T00:00:00","FirstSavingsAccount":true}]}
Info: 20 widthdrawn from account {"BankCards":null,"AccountNumber":"0066365845","Balance":0,"Customers":[{"Id":0,"Name":"User1","PhoneNumber":"123456","Birthday":"2000-10-10T00:00:00","FirstSavingsAccount":true}]}
Error: 20 cannot be widthdrawn from account {"BankCards":null,"AccountNumber":"0066365845","Balance":0,"Customers":[{"Id":0,"Name":"User1","PhoneNumber":"123456","Birthday":"2000-10-10T00:00:00","FirstSavingsAccount":true}]}
Error: 20 cannot be widthdrawn from card {"Balance":0,"CardNumber":"23584120","Customer":{"Id":0,"Name":"User1","PhoneNumber":"123456","Birthday":"2000-10-10T00:00:00","FirstSavingsAccount":true}}
Info: New bank created
Info: New customer created: {"Id":0,"Name":"User1","PhoneNumber":"123456","Birthday":"2000-10-10T00:00:00","FirstSavingsAccount":true}
Info: New customer created: {"Id":1,"Name":"User2","PhoneNumber":"987654","Birthday":"2010-10-10T00:00:00","FirstSavingsAccount":true}
Info: New CurrentAccount created {"BankCards":null,"AccountNumber":"3056261093","Balance":0,"Customers":[]}
Info: New CurrentAccount created {"BankCards":null,"AccountNumber":"8593760725","Balance":0,"Customers":[]}
Info: Customer added to account: Backend.Accounts.CurrentAccount
Warning: Customer already member of account
Info: Customer added to account: Backend.Accounts.SavingAccount
Warning: Customer already member of account
Info: Customer added to account: Backend.Accounts.SavingAccount
Warning: Customer already member of account
Info: New CreditCard created: {"Balance":0,"CardNumber":"12772942","Customer":{"Id":0,"Name":"User1","PhoneNumber":"123456","Birthday":"2000-10-10T00:00:00","FirstSavingsAccount":true}}
Info: New BankCard created: {"CardNumber":"61684841","Customer":{"Id":0,"Name":"User1","PhoneNumber":"123456","Birthday":"2000-10-10T00:00:00","FirstSavingsAccount":true}}
Info: New bank created
Info: New customer created: {"Id":0,"Name":"User1","PhoneNumber":"123456","Birthday":"2000-10-10T00:00:00","FirstSavingsAccount":true}
Info: New customer created: {"Id":1,"Name":"User2","PhoneNumber":"987654","Birthday":"2010-10-10T00:00:00","FirstSavingsAccount":true}
Info: New CurrentAccount created {"BankCards":[],"AccountNumber":"2748928457","Balance":0,"Customers":[]}
Info: New CurrentAccount created {"BankCards":[],"AccountNumber":"5369124098","Balance":0,"Customers":[]}
Info: Customer added to account: Backend.Accounts.CurrentAccount
Warning: Customer already member of account
Info: Customer added to account: Backend.Accounts.SavingAccount
Warning: Customer already member of account
Info: Customer added to account: Backend.Accounts.SavingAccount
Warning: Customer already member of account
Info: New CreditCard created: {"Balance":0,"CardNumber":"85110278","Customer":{"Id":0,"Name":"User1","PhoneNumber":"123456","Birthday":"2000-10-10T00:00:00","FirstSavingsAccount":true}}
Info: New BankCard created: {"CardNumber":"33305889","Customer":{"Id":0,"Name":"User1","PhoneNumber":"123456","Birthday":"2000-10-10T00:00:00","FirstSavingsAccount":true}}
Info: New BankCard added to account {"BankCards":[{"CardNumber":"33305889","Customer":{"Id":0,"Name":"User1","PhoneNumber":"123456","Birthday":"2000-10-10T00:00:00","FirstSavingsAccount":true}}],"AccountNumber":"2748928457","Balance":0,"Customers":[{"Id":0,"Name":"User1","PhoneNumber":"123456","Birthday":"2000-10-10T00:00:00","FirstSavingsAccount":true}]}
Error: Customer has no access to CurrentAccount, BankCard not added {"Id":1,"Name":"User2","PhoneNumber":"987654","Birthday":"2010-10-10T00:00:00","FirstSavingsAccount":true}
Info: 100 deposited to account {"BankCards":[{"CardNumber":"33305889","Customer":{"Id":0,"Name":"User1","PhoneNumber":"123456","Birthday":"2000-10-10T00:00:00","FirstSavingsAccount":true}}],"AccountNumber":"2748928457","Balance":100,"Customers":[{"Id":0,"Name":"User1","PhoneNumber":"123456","Birthday":"2000-10-10T00:00:00","FirstSavingsAccount":true}]}
Info: 80 widthdrawn from account {"BankCards":[{"CardNumber":"33305889","Customer":{"Id":0,"Name":"User1","PhoneNumber":"123456","Birthday":"2000-10-10T00:00:00","FirstSavingsAccount":true}}],"AccountNumber":"2748928457","Balance":20,"Customers":[{"Id":0,"Name":"User1","PhoneNumber":"123456","Birthday":"2000-10-10T00:00:00","FirstSavingsAccount":true}]}
Error: 80 cannot be widthdrawn from account {"BankCards":[{"CardNumber":"33305889","Customer":{"Id":0,"Name":"User1","PhoneNumber":"123456","Birthday":"2000-10-10T00:00:00","FirstSavingsAccount":true}}],"AccountNumber":"2748928457","Balance":20,"Customers":[{"Id":0,"Name":"User1","PhoneNumber":"123456","Birthday":"2000-10-10T00:00:00","FirstSavingsAccount":true}]}
Error: 30 cannot be widthdrawn from account {"BankCards":[{"CardNumber":"33305889","Customer":{"Id":0,"Name":"User1","PhoneNumber":"123456","Birthday":"2000-10-10T00:00:00","FirstSavingsAccount":true}}],"AccountNumber":"2748928457","Balance":20,"Customers":[{"Id":0,"Name":"User1","PhoneNumber":"123456","Birthday":"2000-10-10T00:00:00","FirstSavingsAccount":true}]}
Info: 20 widthdrawn from account {"BankCards":[{"CardNumber":"33305889","Customer":{"Id":0,"Name":"User1","PhoneNumber":"123456","Birthday":"2000-10-10T00:00:00","FirstSavingsAccount":true}}],"AccountNumber":"2748928457","Balance":0,"Customers":[{"Id":0,"Name":"User1","PhoneNumber":"123456","Birthday":"2000-10-10T00:00:00","FirstSavingsAccount":true}]}
Error: 20 cannot be widthdrawn from account {"BankCards":[{"CardNumber":"33305889","Customer":{"Id":0,"Name":"User1","PhoneNumber":"123456","Birthday":"2000-10-10T00:00:00","FirstSavingsAccount":true}}],"AccountNumber":"2748928457","Balance":0,"Customers":[{"Id":0,"Name":"User1","PhoneNumber":"123456","Birthday":"2000-10-10T00:00:00","FirstSavingsAccount":true}]}
Error: 20 cannot be widthdrawn from card {"Balance":0,"CardNumber":"85110278","Customer":{"Id":0,"Name":"User1","PhoneNumber":"123456","Birthday":"2000-10-10T00:00:00","FirstSavingsAccount":true}}
Info: New bank created
Info: New customer created: {"Id":0,"Name":"User1","PhoneNumber":"123456","Birthday":"2000-10-10T00:00:00","FirstSavingsAccount":true}
Info: New customer created: {"Id":1,"Name":"User2","PhoneNumber":"987654","Birthday":"2010-10-10T00:00:00","FirstSavingsAccount":true}
Info: New CurrentAccount created {"BankCards":[],"AccountNumber":"8855360108","Balance":0,"Customers":[]}
Info: New CurrentAccount created {"BankCards":[],"AccountNumber":"6442889948","Balance":0,"Customers":[]}
Info: Customer added to account: {"AccountNumber":"8855360108","Balance":0,"Customers":[{"Id":0,"Name":"User1","PhoneNumber":"123456","Birthday":"2000-10-10T00:00:00","FirstSavingsAccount":true}]}
Warning: Customer already member of account
Info: Customer added to account: {"AccountNumber":"1232750591","Balance":0,"Customers":[{"Id":0,"Name":"User1","PhoneNumber":"123456","Birthday":"2000-10-10T00:00:00","FirstSavingsAccount":true}]}
Warning: Customer already member of account
Info: Customer added to account: {"AccountNumber":"1235968849","Balance":0,"Customers":[{"Id":0,"Name":"User1","PhoneNumber":"123456","Birthday":"2000-10-10T00:00:00","FirstSavingsAccount":true}]}
Warning: Customer already member of account
Info: New CreditCard created: {"Balance":0,"CardNumber":"23853433","Customer":{"Id":0,"Name":"User1","PhoneNumber":"123456","Birthday":"2000-10-10T00:00:00","FirstSavingsAccount":true}}
Info: New BankCard created: {"CardNumber":"63649658","Customer":{"Id":0,"Name":"User1","PhoneNumber":"123456","Birthday":"2000-10-10T00:00:00","FirstSavingsAccount":true}}
Info: New BankCard added to account {"BankCards":[{"CardNumber":"63649658","Customer":{"Id":0,"Name":"User1","PhoneNumber":"123456","Birthday":"2000-10-10T00:00:00","FirstSavingsAccount":true}}],"AccountNumber":"8855360108","Balance":0,"Customers":[{"Id":0,"Name":"User1","PhoneNumber":"123456","Birthday":"2000-10-10T00:00:00","FirstSavingsAccount":true}]}
Error: Customer has no access to CurrentAccount, BankCard not added {"Id":1,"Name":"User2","PhoneNumber":"987654","Birthday":"2010-10-10T00:00:00","FirstSavingsAccount":true}
Info: 100 deposited to account {"BankCards":[{"CardNumber":"63649658","Customer":{"Id":0,"Name":"User1","PhoneNumber":"123456","Birthday":"2000-10-10T00:00:00","FirstSavingsAccount":true}}],"AccountNumber":"8855360108","Balance":100,"Customers":[{"Id":0,"Name":"User1","PhoneNumber":"123456","Birthday":"2000-10-10T00:00:00","FirstSavingsAccount":true}]}
Info: 80 widthdrawn from account {"BankCards":[{"CardNumber":"63649658","Customer":{"Id":0,"Name":"User1","PhoneNumber":"123456","Birthday":"2000-10-10T00:00:00","FirstSavingsAccount":true}}],"AccountNumber":"8855360108","Balance":20,"Customers":[{"Id":0,"Name":"User1","PhoneNumber":"123456","Birthday":"2000-10-10T00:00:00","FirstSavingsAccount":true}]}
Error: 80 cannot be widthdrawn from account {"BankCards":[{"CardNumber":"63649658","Customer":{"Id":0,"Name":"User1","PhoneNumber":"123456","Birthday":"2000-10-10T00:00:00","FirstSavingsAccount":true}}],"AccountNumber":"8855360108","Balance":20,"Customers":[{"Id":0,"Name":"User1","PhoneNumber":"123456","Birthday":"2000-10-10T00:00:00","FirstSavingsAccount":true}]}
Error: 30 cannot be widthdrawn from account {"BankCards":[{"CardNumber":"63649658","Customer":{"Id":0,"Name":"User1","PhoneNumber":"123456","Birthday":"2000-10-10T00:00:00","FirstSavingsAccount":true}}],"AccountNumber":"8855360108","Balance":20,"Customers":[{"Id":0,"Name":"User1","PhoneNumber":"123456","Birthday":"2000-10-10T00:00:00","FirstSavingsAccount":true}]}
Info: 20 widthdrawn from account {"BankCards":[{"CardNumber":"63649658","Customer":{"Id":0,"Name":"User1","PhoneNumber":"123456","Birthday":"2000-10-10T00:00:00","FirstSavingsAccount":true}}],"AccountNumber":"8855360108","Balance":0,"Customers":[{"Id":0,"Name":"User1","PhoneNumber":"123456","Birthday":"2000-10-10T00:00:00","FirstSavingsAccount":true}]}
Error: 20 cannot be widthdrawn from account {"BankCards":[{"CardNumber":"63649658","Customer":{"Id":0,"Name":"User1","PhoneNumber":"123456","Birthday":"2000-10-10T00:00:00","FirstSavingsAccount":true}}],"AccountNumber":"8855360108","Balance":0,"Customers":[{"Id":0,"Name":"User1","PhoneNumber":"123456","Birthday":"2000-10-10T00:00:00","FirstSavingsAccount":true}]}
Error: 20 cannot be widthdrawn from card {"Balance":0,"CardNumber":"23853433","Customer":{"Id":0,"Name":"User1","PhoneNumber":"123456","Birthday":"2000-10-10T00:00:00","FirstSavingsAccount":true}}
Info: New bank created
Info: New customer created: {"Id":0,"Name":"User1","PhoneNumber":"123456","Birthday":"2000-10-10T00:00:00","FirstSavingsAccount":true}
Info: New customer created: {"Id":1,"Name":"User2","PhoneNumber":"987654","Birthday":"2010-10-10T00:00:00","FirstSavingsAccount":true}
Info: New CurrentAccount created {"BankCards":[],"AccountNumber":"8052880735","Balance":0,"Customers":[]}
Info: New CurrentAccount created {"BankCards":[],"AccountNumber":"8521295189","Balance":0,"Customers":[]}
Info: Customer added to account: {"AccountNumber":"8052880735","Balance":0,"Customers":[{"Id":0,"Name":"User1","PhoneNumber":"123456","Birthday":"2000-10-10T00:00:00","FirstSavingsAccount":true}]}
Info: Customer added to account: {"AccountNumber":"1231519654","Balance":0,"Customers":[{"Id":0,"Name":"User1","PhoneNumber":"123456","Birthday":"2000-10-10T00:00:00","FirstSavingsAccount":true}]}
Info: Customer added to account: {"AccountNumber":"1232741502","Balance":0,"Customers":[{"Id":0,"Name":"User1","PhoneNumber":"123456","Birthday":"2000-10-10T00:00:00","FirstSavingsAccount":true}]}
Info: New CreditCard created: {"Balance":0,"CardNumber":"76927415","Customer":{"Id":0,"Name":"User1","PhoneNumber":"123456","Birthday":"2000-10-10T00:00:00","FirstSavingsAccount":true}}
Info: New BankCard created: {"CardNumber":"94208026","Customer":{"Id":0,"Name":"User1","PhoneNumber":"123456","Birthday":"2000-10-10T00:00:00","FirstSavingsAccount":true}}
Info: New BankCard added to account {"BankCards":[{"CardNumber":"94208026","Customer":{"Id":0,"Name":"User1","PhoneNumber":"123456","Birthday":"2000-10-10T00:00:00","FirstSavingsAccount":true}}],"AccountNumber":"8052880735","Balance":0,"Customers":[{"Id":0,"Name":"User1","PhoneNumber":"123456","Birthday":"2000-10-10T00:00:00","FirstSavingsAccount":true}]}
Error: Customer has no access to CurrentAccount, BankCard not added {"Id":1,"Name":"User2","PhoneNumber":"987654","Birthday":"2010-10-10T00:00:00","FirstSavingsAccount":true}
Info: 100 deposited to account {"BankCards":[{"CardNumber":"94208026","Customer":{"Id":0,"Name":"User1","PhoneNumber":"123456","Birthday":"2000-10-10T00:00:00","FirstSavingsAccount":true}}],"AccountNumber":"8052880735","Balance":100,"Customers":[{"Id":0,"Name":"User1","PhoneNumber":"123456","Birthday":"2000-10-10T00:00:00","FirstSavingsAccount":true}]}
Info: 80 widthdrawn from account {"BankCards":[{"CardNumber":"94208026","Customer":{"Id":0,"Name":"User1","PhoneNumber":"123456","Birthday":"2000-10-10T00:00:00","FirstSavingsAccount":true}}],"AccountNumber":"8052880735","Balance":20,"Customers":[{"Id":0,"Name":"User1","PhoneNumber":"123456","Birthday":"2000-10-10T00:00:00","FirstSavingsAccount":true}]}
Error: 80 cannot be widthdrawn from account {"BankCards":[{"CardNumber":"94208026","Customer":{"Id":0,"Name":"User1","PhoneNumber":"123456","Birthday":"2000-10-10T00:00:00","FirstSavingsAccount":true}}],"AccountNumber":"8052880735","Balance":20,"Customers":[{"Id":0,"Name":"User1","PhoneNumber":"123456","Birthday":"2000-10-10T00:00:00","FirstSavingsAccount":true}]}
Error: 30 cannot be widthdrawn from account {"BankCards":[{"CardNumber":"94208026","Customer":{"Id":0,"Name":"User1","PhoneNumber":"123456","Birthday":"2000-10-10T00:00:00","FirstSavingsAccount":true}}],"AccountNumber":"8052880735","Balance":20,"Customers":[{"Id":0,"Name":"User1","PhoneNumber":"123456","Birthday":"2000-10-10T00:00:00","FirstSavingsAccount":true}]}
Info: 20 widthdrawn from account {"BankCards":[{"CardNumber":"94208026","Customer":{"Id":0,"Name":"User1","PhoneNumber":"123456","Birthday":"2000-10-10T00:00:00","FirstSavingsAccount":true}}],"AccountNumber":"8052880735","Balance":0,"Customers":[{"Id":0,"Name":"User1","PhoneNumber":"123456","Birthday":"2000-10-10T00:00:00","FirstSavingsAccount":true}]}
Error: 20 cannot be widthdrawn from account {"BankCards":[{"CardNumber":"94208026","Customer":{"Id":0,"Name":"User1","PhoneNumber":"123456","Birthday":"2000-10-10T00:00:00","FirstSavingsAccount":true}}],"AccountNumber":"8052880735","Balance":0,"Customers":[{"Id":0,"Name":"User1","PhoneNumber":"123456","Birthday":"2000-10-10T00:00:00","FirstSavingsAccount":true}]}
Error: 20 cannot be widthdrawn from card {"Balance":0,"CardNumber":"76927415","Customer":{"Id":0,"Name":"User1","PhoneNumber":"123456","Birthday":"2000-10-10T00:00:00","FirstSavingsAccount":true}}
Info: New bank created
Info: New customer created: {"Id":0,"Name":"User1","PhoneNumber":"123456","Birthday":"2000-10-10T00:00:00","FirstSavingsAccount":true}
Info: New customer created: {"Id":1,"Name":"User2","PhoneNumber":"987654","Birthday":"2010-10-10T00:00:00","FirstSavingsAccount":true}
Info: New CurrentAccount created {"BankCards":[],"AccountNumber":"7033678755","Balance":0,"Customers":[]}
Info: New CurrentAccount created {"BankCards":[],"AccountNumber":"8531064302","Balance":0,"Customers":[]}
Info: Customer added to account: {"AccountNumber":"7033678755","Balance":0,"Customers":[{"Id":0,"Name":"User1","PhoneNumber":"123456","Birthday":"2000-10-10T00:00:00","FirstSavingsAccount":true}]}
Info: Customer added to account: {"AccountNumber":"1232740433","Balance":0,"Customers":[{"Id":0,"Name":"User1","PhoneNumber":"123456","Birthday":"2000-10-10T00:00:00","FirstSavingsAccount":true}]}
Info: Customer added to account: {"AccountNumber":"1232740433","Balance":0,"Customers":[{"Id":0,"Name":"User1","PhoneNumber":"123456","Birthday":"2000-10-10T00:00:00","FirstSavingsAccount":true},{"Id":1,"Name":"User2","PhoneNumber":"987654","Birthday":"2010-10-10T00:00:00","FirstSavingsAccount":true}]}
Info: New CreditCard created: {"Balance":0,"CardNumber":"54713637","Customer":{"Id":0,"Name":"User1","PhoneNumber":"123456","Birthday":"2000-10-10T00:00:00","FirstSavingsAccount":true}}
Info: New BankCard created: {"CardNumber":"87079281","Customer":{"Id":0,"Name":"User1","PhoneNumber":"123456","Birthday":"2000-10-10T00:00:00","FirstSavingsAccount":true}}
Info: New BankCard added to account {"BankCards":[{"CardNumber":"87079281","Customer":{"Id":0,"Name":"User1","PhoneNumber":"123456","Birthday":"2000-10-10T00:00:00","FirstSavingsAccount":true}}],"AccountNumber":"7033678755","Balance":0,"Customers":[{"Id":0,"Name":"User1","PhoneNumber":"123456","Birthday":"2000-10-10T00:00:00","FirstSavingsAccount":true}]}
Error: Customer has no access to CurrentAccount, BankCard not added {"Id":1,"Name":"User2","PhoneNumber":"987654","Birthday":"2010-10-10T00:00:00","FirstSavingsAccount":true}
Info: 100 deposited to account {"BankCards":[{"CardNumber":"87079281","Customer":{"Id":0,"Name":"User1","PhoneNumber":"123456","Birthday":"2000-10-10T00:00:00","FirstSavingsAccount":true}}],"AccountNumber":"7033678755","Balance":100,"Customers":[{"Id":0,"Name":"User1","PhoneNumber":"123456","Birthday":"2000-10-10T00:00:00","FirstSavingsAccount":true}]}
Info: 80 widthdrawn from account {"BankCards":[{"CardNumber":"87079281","Customer":{"Id":0,"Name":"User1","PhoneNumber":"123456","Birthday":"2000-10-10T00:00:00","FirstSavingsAccount":true}}],"AccountNumber":"7033678755","Balance":20,"Customers":[{"Id":0,"Name":"User1","PhoneNumber":"123456","Birthday":"2000-10-10T00:00:00","FirstSavingsAccount":true}]}
Error: 80 cannot be widthdrawn from account {"BankCards":[{"CardNumber":"87079281","Customer":{"Id":0,"Name":"User1","PhoneNumber":"123456","Birthday":"2000-10-10T00:00:00","FirstSavingsAccount":true}}],"AccountNumber":"7033678755","Balance":20,"Customers":[{"Id":0,"Name":"User1","PhoneNumber":"123456","Birthday":"2000-10-10T00:00:00","FirstSavingsAccount":true}]}
Error: 30 cannot be widthdrawn from account {"BankCards":[{"CardNumber":"87079281","Customer":{"Id":0,"Name":"User1","PhoneNumber":"123456","Birthday":"2000-10-10T00:00:00","FirstSavingsAccount":true}}],"AccountNumber":"7033678755","Balance":20,"Customers":[{"Id":0,"Name":"User1","PhoneNumber":"123456","Birthday":"2000-10-10T00:00:00","FirstSavingsAccount":true}]}
Info: 20 widthdrawn from account {"BankCards":[{"CardNumber":"87079281","Customer":{"Id":0,"Name":"User1","PhoneNumber":"123456","Birthday":"2000-10-10T00:00:00","FirstSavingsAccount":true}}],"AccountNumber":"7033678755","Balance":0,"Customers":[{"Id":0,"Name":"User1","PhoneNumber":"123456","Birthday":"2000-10-10T00:00:00","FirstSavingsAccount":true}]}
Error: 20 cannot be widthdrawn from account {"BankCards":[{"CardNumber":"87079281","Customer":{"Id":0,"Name":"User1","PhoneNumber":"123456","Birthday":"2000-10-10T00:00:00","FirstSavingsAccount":true}}],"AccountNumber":"7033678755","Balance":0,"Customers":[{"Id":0,"Name":"User1","PhoneNumber":"123456","Birthday":"2000-10-10T00:00:00","FirstSavingsAccount":true}]}
Error: 20 cannot be widthdrawn from card {"Balance":0,"CardNumber":"54713637","Customer":{"Id":0,"Name":"User1","PhoneNumber":"123456","Birthday":"2000-10-10T00:00:00","FirstSavingsAccount":true}}
Info: New bank created
Info: New customer created: {"Id":0,"Name":"User1","PhoneNumber":"123456","Birthday":"2000-10-10T00:00:00"}
Info: New customer created: {"Id":1,"Name":"User2","PhoneNumber":"987654","Birthday":"2010-10-10T00:00:00"}
Info: New CurrentAccount created {"BankCards":[],"AccountNumber":"2905991277","Balance":0,"Customers":[]}
Info: New CurrentAccount created {"BankCards":[],"AccountNumber":"7084823071","Balance":0,"Customers":[]}
Info: Customer added to account: {"AccountNumber":"2905991277","Balance":0,"Customers":[{"Id":0,"Name":"User1","PhoneNumber":"123456","Birthday":"2000-10-10T00:00:00"}]}
Info: Customer added to account: {"AccountNumber":"1234048905","Balance":0,"Customers":[{"Id":0,"Name":"User1","PhoneNumber":"123456","Birthday":"2000-10-10T00:00:00"}]}
Info: Customer added to account: {"AccountNumber":"1234048905","Balance":0,"Customers":[{"Id":0,"Name":"User1","PhoneNumber":"123456","Birthday":"2000-10-10T00:00:00"},{"Id":1,"Name":"User2","PhoneNumber":"987654","Birthday":"2010-10-10T00:00:00"}]}
Info: New CreditCard created: {"Balance":0,"CardNumber":"82974866","Customer":{"Id":0,"Name":"User1","PhoneNumber":"123456","Birthday":"2000-10-10T00:00:00"}}
Info: New BankCard created: {"CardNumber":"13052361","Customer":{"Id":0,"Name":"User1","PhoneNumber":"123456","Birthday":"2000-10-10T00:00:00"}}
Info: New BankCard added to account {"BankCards":[{"CardNumber":"13052361","Customer":{"Id":0,"Name":"User1","PhoneNumber":"123456","Birthday":"2000-10-10T00:00:00"}}],"AccountNumber":"2905991277","Balance":0,"Customers":[{"Id":0,"Name":"User1","PhoneNumber":"123456","Birthday":"2000-10-10T00:00:00"}]}
Error: Customer has no access to CurrentAccount, BankCard not added {"Id":1,"Name":"User2","PhoneNumber":"987654","Birthday":"2010-10-10T00:00:00"}
Info: 100 deposited to account {"BankCards":[{"CardNumber":"13052361","Customer":{"Id":0,"Name":"User1","PhoneNumber":"123456","Birthday":"2000-10-10T00:00:00"}}],"AccountNumber":"2905991277","Balance":100,"Customers":[{"Id":0,"Name":"User1","PhoneNumber":"123456","Birthday":"2000-10-10T00:00:00"}]}
Info: 80 widthdrawn from account {"BankCards":[{"CardNumber":"13052361","Customer":{"Id":0,"Name":"User1","PhoneNumber":"123456","Birthday":"2000-10-10T00:00:00"}}],"AccountNumber":"2905991277","Balance":20,"Customers":[{"Id":0,"Name":"User1","PhoneNumber":"123456","Birthday":"2000-10-10T00:00:00"}]}
Error: 80 cannot be widthdrawn from account {"BankCards":[{"CardNumber":"13052361","Customer":{"Id":0,"Name":"User1","PhoneNumber":"123456","Birthday":"2000-10-10T00:00:00"}}],"AccountNumber":"2905991277","Balance":20,"Customers":[{"Id":0,"Name":"User1","PhoneNumber":"123456","Birthday":"2000-10-10T00:00:00"}]}
Error: 30 cannot be widthdrawn from account {"BankCards":[{"CardNumber":"13052361","Customer":{"Id":0,"Name":"User1","PhoneNumber":"123456","Birthday":"2000-10-10T00:00:00"}}],"AccountNumber":"2905991277","Balance":20,"Customers":[{"Id":0,"Name":"User1","PhoneNumber":"123456","Birthday":"2000-10-10T00:00:00"}]}
Info: 20 widthdrawn from account {"BankCards":[{"CardNumber":"13052361","Customer":{"Id":0,"Name":"User1","PhoneNumber":"123456","Birthday":"2000-10-10T00:00:00"}}],"AccountNumber":"2905991277","Balance":0,"Customers":[{"Id":0,"Name":"User1","PhoneNumber":"123456","Birthday":"2000-10-10T00:00:00"}]}
Error: 20 cannot be widthdrawn from account {"BankCards":[{"CardNumber":"13052361","Customer":{"Id":0,"Name":"User1","PhoneNumber":"123456","Birthday":"2000-10-10T00:00:00"}}],"AccountNumber":"2905991277","Balance":0,"Customers":[{"Id":0,"Name":"User1","PhoneNumber":"123456","Birthday":"2000-10-10T00:00:00"}]}
Error: 20 cannot be widthdrawn from card {"Balance":0,"CardNumber":"82974866","Customer":{"Id":0,"Name":"User1","PhoneNumber":"123456","Birthday":"2000-10-10T00:00:00"}}
Info: New bank created
Info: New customer created: {"Id":0,"Name":"User1","PhoneNumber":"123456","Birthday":"2000-10-10T00:00:00"}
Info: New customer created: {"Id":1,"Name":"User2","PhoneNumber":"987654","Birthday":"2010-10-10T00:00:00"}
Info: New CurrentAccount created {"BankCards":[],"AccountNumber":"7652082353","Balance":0,"Customers":[]}
Info: New CurrentAccount created {"BankCards":[],"AccountNumber":"4312474037","Balance":0,"Customers":[]}
Info: Customer added to account: {"AccountNumber":"7652082353","Balance":0,"Customers":[{"Id":0,"Name":"User1","PhoneNumber":"123456","Birthday":"2000-10-10T00:00:00"}]}
Info: Customer added to account: {"AccountNumber":"1231840698","Balance":0,"Customers":[{"Id":0,"Name":"User1","PhoneNumber":"123456","Birthday":"2000-10-10T00:00:00"}]}
Info: Customer added to account: {"AccountNumber":"1231840698","Balance":0,"Customers":[{"Id":0,"Name":"User1","PhoneNumber":"123456","Birthday":"2000-10-10T00:00:00"},{"Id":1,"Name":"User2","PhoneNumber":"987654","Birthday":"2010-10-10T00:00:00"}]}
Info: New CreditCard created: {"Balance":0,"CardNumber":"98445837","Customer":{"Id":0,"Name":"User1","PhoneNumber":"123456","Birthday":"2000-10-10T00:00:00"}}
Info: New BankCard created: {"CardNumber":"92992247","Customer":{"Id":0,"Name":"User1","PhoneNumber":"123456","Birthday":"2000-10-10T00:00:00"}}
Info: New BankCard added to account {"BankCards":[{"CardNumber":"92992247","Customer":{"Id":0,"Name":"User1","PhoneNumber":"123456","Birthday":"2000-10-10T00:00:00"}}],"AccountNumber":"7652082353","Balance":0,"Customers":[{"Id":0,"Name":"User1","PhoneNumber":"123456","Birthday":"2000-10-10T00:00:00"}]}
Error: Customer has no access to CurrentAccount, BankCard not added {"Id":1,"Name":"User2","PhoneNumber":"987654","Birthday":"2010-10-10T00:00:00"}
Info: 100 deposited to account {"BankCards":[{"CardNumber":"92992247","Customer":{"Id":0,"Name":"User1","PhoneNumber":"123456","Birthday":"2000-10-10T00:00:00"}}],"AccountNumber":"7652082353","Balance":100,"Customers":[{"Id":0,"Name":"User1","PhoneNumber":"123456","Birthday":"2000-10-10T00:00:00"}]}
Info: 80 widthdrawn from account {"BankCards":[{"CardNumber":"92992247","Customer":{"Id":0,"Name":"User1","PhoneNumber":"123456","Birthday":"2000-10-10T00:00:00"}}],"AccountNumber":"7652082353","Balance":20,"Customers":[{"Id":0,"Name":"User1","PhoneNumber":"123456","Birthday":"2000-10-10T00:00:00"}]}
Error: 80 cannot be widthdrawn from account {"BankCards":[{"CardNumber":"92992247","Customer":{"Id":0,"Name":"User1","PhoneNumber":"123456","Birthday":"2000-10-10T00:00:00"}}],"AccountNumber":"7652082353","Balance":20,"Customers":[{"Id":0,"Name":"User1","PhoneNumber":"123456","Birthday":"2000-10-10T00:00:00"}]}
Error: CurrentAccount cannot be removed when balance is not 0: {"BankCards":[{"CardNumber":"92992247","Customer":{"Id":0,"Name":"User1","PhoneNumber":"123456","Birthday":"2000-10-10T00:00:00"}}],"AccountNumber":"7652082353","Balance":20,"Customers":[{"Id":0,"Name":"User1","PhoneNumber":"123456","Birthday":"2000-10-10T00:00:00"}]}
Error: 30 cannot be widthdrawn from account {"BankCards":[{"CardNumber":"92992247","Customer":{"Id":0,"Name":"User1","PhoneNumber":"123456","Birthday":"2000-10-10T00:00:00"}}],"AccountNumber":"7652082353","Balance":20,"Customers":[{"Id":0,"Name":"User1","PhoneNumber":"123456","Birthday":"2000-10-10T00:00:00"}]}
Info: 20 widthdrawn from account {"BankCards":[{"CardNumber":"92992247","Customer":{"Id":0,"Name":"User1","PhoneNumber":"123456","Birthday":"2000-10-10T00:00:00"}}],"AccountNumber":"7652082353","Balance":0,"Customers":[{"Id":0,"Name":"User1","PhoneNumber":"123456","Birthday":"2000-10-10T00:00:00"}]}
Error: 20 cannot be widthdrawn from account {"BankCards":[{"CardNumber":"92992247","Customer":{"Id":0,"Name":"User1","PhoneNumber":"123456","Birthday":"2000-10-10T00:00:00"}}],"AccountNumber":"7652082353","Balance":0,"Customers":[{"Id":0,"Name":"User1","PhoneNumber":"123456","Birthday":"2000-10-10T00:00:00"}]}
Info: CurrentAccount removed: {"BankCards":[{"CardNumber":"92992247","Customer":{"Id":0,"Name":"User1","PhoneNumber":"123456","Birthday":"2000-10-10T00:00:00"}}],"AccountNumber":"7652082353","Balance":0,"Customers":[{"Id":0,"Name":"User1","PhoneNumber":"123456","Birthday":"2000-10-10T00:00:00"}]}
Error: 20 cannot be widthdrawn from card {"Balance":0,"CardNumber":"98445837","Customer":{"Id":0,"Name":"User1","PhoneNumber":"123456","Birthday":"2000-10-10T00:00:00"}}
Info: New bank created
Info: New customer created: {"Id":0,"Name":"User1","PhoneNumber":"123456","Birthday":"2000-10-10T00:00:00"}
Info: New customer created: {"Id":1,"Name":"User2","PhoneNumber":"987654","Birthday":"2010-10-10T00:00:00"}
Info: New CurrentAccount created {"BankCards":[],"AccountNumber":"4797445112","Balance":0,"Customers":[]}
Info: New CurrentAccount created {"BankCards":[],"AccountNumber":"5184211495","Balance":0,"Customers":[]}
Info: Customer added to account: {"AccountNumber":"4797445112","Balance":0,"Customers":[{"Id":0,"Name":"User1","PhoneNumber":"123456","Birthday":"2000-10-10T00:00:00"}]}
Info: Customer added to account: {"AccountNumber":"1236059173","Balance":0,"Customers":[{"Id":0,"Name":"User1","PhoneNumber":"123456","Birthday":"2000-10-10T00:00:00"}]}
Info: Customer added to account: {"AccountNumber":"1236059173","Balance":0,"Customers":[{"Id":0,"Name":"User1","PhoneNumber":"123456","Birthday":"2000-10-10T00:00:00"},{"Id":1,"Name":"User2","PhoneNumber":"987654","Birthday":"2010-10-10T00:00:00"}]}
Info: New CreditCard created: {"Balance":0,"CardNumber":"36199875","Customer":{"Id":0,"Name":"User1","PhoneNumber":"123456","Birthday":"2000-10-10T00:00:00"}}
Info: New BankCard created: {"CardNumber":"53321528","Customer":{"Id":0,"Name":"User1","PhoneNumber":"123456","Birthday":"2000-10-10T00:00:00"}}
Info: New BankCard added to account {"BankCards":[{"CardNumber":"53321528","Customer":{"Id":0,"Name":"User1","PhoneNumber":"123456","Birthday":"2000-10-10T00:00:00"}}],"AccountNumber":"4797445112","Balance":0,"Customers":[{"Id":0,"Name":"User1","PhoneNumber":"123456","Birthday":"2000-10-10T00:00:00"}]}
Error: Customer has no access to CurrentAccount, BankCard not added {"Id":1,"Name":"User2","PhoneNumber":"987654","Birthday":"2010-10-10T00:00:00"}
Info: 100 deposited to account {"BankCards":[{"CardNumber":"53321528","Customer":{"Id":0,"Name":"User1","PhoneNumber":"123456","Birthday":"2000-10-10T00:00:00"}}],"AccountNumber":"4797445112","Balance":100,"Customers":[{"Id":0,"Name":"User1","PhoneNumber":"123456","Birthday":"2000-10-10T00:00:00"}]}
Info: 80 widthdrawn from account {"BankCards":[{"CardNumber":"53321528","Customer":{"Id":0,"Name":"User1","PhoneNumber":"123456","Birthday":"2000-10-10T00:00:00"}}],"AccountNumber":"4797445112","Balance":20,"Customers":[{"Id":0,"Name":"User1","PhoneNumber":"123456","Birthday":"2000-10-10T00:00:00"}]}
Error: 80 cannot be widthdrawn from account {"BankCards":[{"CardNumber":"53321528","Customer":{"Id":0,"Name":"User1","PhoneNumber":"123456","Birthday":"2000-10-10T00:00:00"}}],"AccountNumber":"4797445112","Balance":20,"Customers":[{"Id":0,"Name":"User1","PhoneNumber":"123456","Birthday":"2000-10-10T00:00:00"}]}
Error: 30 cannot be widthdrawn from account {"BankCards":[{"CardNumber":"53321528","Customer":{"Id":0,"Name":"User1","PhoneNumber":"123456","Birthday":"2000-10-10T00:00:00"}}],"AccountNumber":"4797445112","Balance":20,"Customers":[{"Id":0,"Name":"User1","PhoneNumber":"123456","Birthday":"2000-10-10T00:00:00"}]}
Info: 20 widthdrawn from account {"BankCards":[{"CardNumber":"53321528","Customer":{"Id":0,"Name":"User1","PhoneNumber":"123456","Birthday":"2000-10-10T00:00:00"}}],"AccountNumber":"4797445112","Balance":0,"Customers":[{"Id":0,"Name":"User1","PhoneNumber":"123456","Birthday":"2000-10-10T00:00:00"}]}
Error: 20 cannot be widthdrawn from account {"BankCards":[{"CardNumber":"53321528","Customer":{"Id":0,"Name":"User1","PhoneNumber":"123456","Birthday":"2000-10-10T00:00:00"}}],"AccountNumber":"4797445112","Balance":0,"Customers":[{"Id":0,"Name":"User1","PhoneNumber":"123456","Birthday":"2000-10-10T00:00:00"}]}
Error: 20 cannot be widthdrawn from card {"Balance":0,"CardNumber":"36199875","Customer":{"Id":0,"Name":"User1","PhoneNumber":"123456","Birthday":"2000-10-10T00:00:00"}}
Info: New bank created
Info: New customer created: {"Id":0,"Name":"User1","PhoneNumber":"123456","Birthday":"2000-10-10T00:00:00"}
Info: New customer created: {"Id":1,"Name":"User2","PhoneNumber":"987654","Birthday":"2010-10-10T00:00:00"}
Info: New CurrentAccount created {"BankCards":[],"AccountNumber":"9049333702","Balance":0,"Customers":[]}
Info: New CurrentAccount created {"BankCards":[],"AccountNumber":"8448822254","Balance":0,"Customers":[]}
Info: Customer added to account: {"AccountNumber":"9049333702","Balance":0,"Customers":[{"Id":0,"Name":"User1","PhoneNumber":"123456","Birthday":"2000-10-10T00:00:00"}]}
Info: Customer added to account: {"AccountNumber":"1239499523","Balance":0,"Customers":[{"Id":0,"Name":"User1","PhoneNumber":"123456","Birthday":"2000-10-10T00:00:00"}]}
Info: Customer added to account: {"AccountNumber":"1239499523","Balance":0,"Customers":[{"Id":0,"Name":"User1","PhoneNumber":"123456","Birthday":"2000-10-10T00:00:00"},{"Id":1,"Name":"User2","PhoneNumber":"987654","Birthday":"2010-10-10T00:00:00"}]}
Info: New CreditCard created: {"Balance":0,"CardNumber":"22223091","Customer":{"Id":0,"Name":"User1","PhoneNumber":"123456","Birthday":"2000-10-10T00:00:00"}}
Info: New BankCard created: {"CardNumber":"53273844","Customer":{"Id":0,"Name":"User1","PhoneNumber":"123456","Birthday":"2000-10-10T00:00:00"}}
Info: New BankCard added to account {"BankCards":[{"CardNumber":"53273844","Customer":{"Id":0,"Name":"User1","PhoneNumber":"123456","Birthday":"2000-10-10T00:00:00"}}],"AccountNumber":"9049333702","Balance":0,"Customers":[{"Id":0,"Name":"User1","PhoneNumber":"123456","Birthday":"2000-10-10T00:00:00"}]}
Error: Customer has no access to CurrentAccount, BankCard not added {"Id":1,"Name":"User2","PhoneNumber":"987654","Birthday":"2010-10-10T00:00:00"}
Info: 100 deposited to account {"BankCards":[{"CardNumber":"53273844","Customer":{"Id":0,"Name":"User1","PhoneNumber":"123456","Birthday":"2000-10-10T00:00:00"}}],"AccountNumber":"9049333702","Balance":100,"Customers":[{"Id":0,"Name":"User1","PhoneNumber":"123456","Birthday":"2000-10-10T00:00:00"}]}
Info: 80 widthdrawn from account {"BankCards":[{"CardNumber":"53273844","Customer":{"Id":0,"Name":"User1","PhoneNumber":"123456","Birthday":"2000-10-10T00:00:00"}}],"AccountNumber":"9049333702","Balance":20,"Customers":[{"Id":0,"Name":"User1","PhoneNumber":"123456","Birthday":"2000-10-10T00:00:00"}]}
Error: 30 cannot be widthdrawn from account {"BankCards":[{"CardNumber":"53273844","Customer":{"Id":0,"Name":"User1","PhoneNumber":"123456","Birthday":"2000-10-10T00:00:00"}}],"AccountNumber":"9049333702","Balance":20,"Customers":[{"Id":0,"Name":"User1","PhoneNumber":"123456","Birthday":"2000-10-10T00:00:00"}]}
Info: 20 widthdrawn from account {"BankCards":[{"CardNumber":"53273844","Customer":{"Id":0,"Name":"User1","PhoneNumber":"123456","Birthday":"2000-10-10T00:00:00"}}],"AccountNumber":"9049333702","Balance":0,"Customers":[{"Id":0,"Name":"User1","PhoneNumber":"123456","Birthday":"2000-10-10T00:00:00"}]}
Error: 20 cannot be widthdrawn from card {"Balance":0,"CardNumber":"22223091","Customer":{"Id":0,"Name":"User1","PhoneNumber":"123456","Birthday":"2000-10-10T00:00:00"}}
Info: New bank created
Info: New customer created: {"Id":0,"Name":"User1","PhoneNumber":"123456","Birthday":"2000-10-10T00:00:00"}
Info: New customer created: {"Id":1,"Name":"User2","PhoneNumber":"987654","Birthday":"2010-10-10T00:00:00"}
Info: New CurrentAccount created {"BankCards":[],"AccountNumber":"9916685653","Balance":0,"Customers":[]}
Info: New CurrentAccount created {"BankCards":[],"AccountNumber":"7465157300","Balance":0,"Customers":[]}
Info: Customer added to account: {"AccountNumber":"9916685653","Balance":0,"Customers":[{"Id":0,"Name":"User1","PhoneNumber":"123456","Birthday":"2000-10-10T00:00:00"}]}
Info: Customer added to account: {"AccountNumber":"1235106783","Balance":0,"Customers":[{"Id":0,"Name":"User1","PhoneNumber":"123456","Birthday":"2000-10-10T00:00:00"}]}
Info: Customer added to account: {"AccountNumber":"1235106783","Balance":0,"Customers":[{"Id":0,"Name":"User1","PhoneNumber":"123456","Birthday":"2000-10-10T00:00:00"},{"Id":1,"Name":"User2","PhoneNumber":"987654","Birthday":"2010-10-10T00:00:00"}]}
Info: New CreditCard created: {"Balance":0,"CardNumber":"55855524","Customer":{"Id":0,"Name":"User1","PhoneNumber":"123456","Birthday":"2000-10-10T00:00:00"}}
Info: New BankCard created: {"CardNumber":"97529220","Customer":{"Id":0,"Name":"User1","PhoneNumber":"123456","Birthday":"2000-10-10T00:00:00"}}
Info: New BankCard added to account {"BankCards":[{"CardNumber":"97529220","Customer":{"Id":0,"Name":"User1","PhoneNumber":"123456","Birthday":"2000-10-10T00:00:00"}}],"AccountNumber":"9916685653","Balance":0,"Customers":[{"Id":0,"Name":"User1","PhoneNumber":"123456","Birthday":"2000-10-10T00:00:00"}]}
Error: Customer has no access to CurrentAccount, BankCard not added {"Id":1,"Name":"User2","PhoneNumber":"987654","Birthday":"2010-10-10T00:00:00"}
Info: 100 deposited to account {"BankCards":[{"CardNumber":"97529220","Customer":{"Id":0,"Name":"User1","PhoneNumber":"123456","Birthday":"2000-10-10T00:00:00"}}],"AccountNumber":"9916685653","Balance":100,"Customers":[{"Id":0,"Name":"User1","PhoneNumber":"123456","Birthday":"2000-10-10T00:00:00"}]}
Info: 80 widthdrawn from account {"BankCards":[{"CardNumber":"97529220","Customer":{"Id":0,"Name":"User1","PhoneNumber":"123456","Birthday":"2000-10-10T00:00:00"}}],"AccountNumber":"9916685653","Balance":20,"Customers":[{"Id":0,"Name":"User1","PhoneNumber":"123456","Birthday":"2000-10-10T00:00:00"}]}
Error: CurrentAccount cannot be removed when balance is not 0: {"BankCards":[{"CardNumber":"97529220","Customer":{"Id":0,"Name":"User1","PhoneNumber":"123456","Birthday":"2000-10-10T00:00:00"}}],"AccountNumber":"9916685653","Balance":20,"Customers":[{"Id":0,"Name":"User1","PhoneNumber":"123456","Birthday":"2000-10-10T00:00:00"}]}
Error: 30 cannot be widthdrawn from account {"BankCards":[{"CardNumber":"97529220","Customer":{"Id":0,"Name":"User1","PhoneNumber":"123456","Birthday":"2000-10-10T00:00:00"}}],"AccountNumber":"9916685653","Balance":20,"Customers":[{"Id":0,"Name":"User1","PhoneNumber":"123456","Birthday":"2000-10-10T00:00:00"}]}
Info: 20 widthdrawn from account {"BankCards":[{"CardNumber":"97529220","Customer":{"Id":0,"Name":"User1","PhoneNumber":"123456","Birthday":"2000-10-10T00:00:00"}}],"AccountNumber":"9916685653","Balance":0,"Customers":[{"Id":0,"Name":"User1","PhoneNumber":"123456","Birthday":"2000-10-10T00:00:00"}]}
Info: CurrentAccount removed: {"BankCards":[{"CardNumber":"97529220","Customer":{"Id":0,"Name":"User1","PhoneNumber":"123456","Birthday":"2000-10-10T00:00:00"}}],"AccountNumber":"9916685653","Balance":0,"Customers":[{"Id":0,"Name":"User1","PhoneNumber":"123456","Birthday":"2000-10-10T00:00:00"}]}
Error: 20 cannot be widthdrawn from card {"Balance":0,"CardNumber":"55855524","Customer":{"Id":0,"Name":"User1","PhoneNumber":"123456","Birthday":"2000-10-10T00:00:00"}}
Info: New bank created
Info: New customer created: {"Id":0,"Name":"User1","PhoneNumber":"123456","Birthday":"2000-10-10T00:00:00"}
Info: New customer created: {"Id":1,"Name":"User2","PhoneNumber":"987654","Birthday":"2010-10-10T00:00:00"}
Info: New CurrentAccount created {"BankCards":[],"AccountNumber":"9881493172","Balance":0,"Customers":[]}
Info: New CurrentAccount created {"BankCards":[],"AccountNumber":"6562491706","Balance":0,"Customers":[]}
Info: Customer added to account: {"AccountNumber":"9881493172","Balance":0,"Customers":[{"Id":0,"Name":"User1","PhoneNumber":"123456","Birthday":"2000-10-10T00:00:00"}]}
Info: Customer added to account: {"AccountNumber":"1230870911","Balance":0,"Customers":[{"Id":0,"Name":"User1","PhoneNumber":"123456","Birthday":"2000-10-10T00:00:00"}]}
Info: Customer added to account: {"AccountNumber":"1230870911","Balance":0,"Customers":[{"Id":0,"Name":"User1","PhoneNumber":"123456","Birthday":"2000-10-10T00:00:00"},{"Id":1,"Name":"User2","PhoneNumber":"987654","Birthday":"2010-10-10T00:00:00"}]}
Info: Account number 1234567890 is valid
Error: Account number 8888888888 is valid
Error: Account number 521 is valid
Info: Account number 1234567890 is valid
Info: Account number 8888888888 is valid
Error: Account number 521 is valid
Info: New CreditCard created: {"Balance":0,"CardNumber":"39465220","Customer":{"Id":0,"Name":"User1","PhoneNumber":"123456","Birthday":"2000-10-10T00:00:00"}}
Info: New BankCard created: {"CardNumber":"10555080","Customer":{"Id":0,"Name":"User1","PhoneNumber":"123456","Birthday":"2000-10-10T00:00:00"}}
Info: New BankCard added to account {"BankCards":[{"CardNumber":"10555080","Customer":{"Id":0,"Name":"User1","PhoneNumber":"123456","Birthday":"2000-10-10T00:00:00"}}],"AccountNumber":"9881493172","Balance":0,"Customers":[{"Id":0,"Name":"User1","PhoneNumber":"123456","Birthday":"2000-10-10T00:00:00"}]}
Error: Customer has no access to CurrentAccount, BankCard not added {"Id":1,"Name":"User2","PhoneNumber":"987654","Birthday":"2010-10-10T00:00:00"}
Info: 100 deposited to account {"BankCards":[{"CardNumber":"10555080","Customer":{"Id":0,"Name":"User1","PhoneNumber":"123456","Birthday":"2000-10-10T00:00:00"}}],"AccountNumber":"9881493172","Balance":100,"Customers":[{"Id":0,"Name":"User1","PhoneNumber":"123456","Birthday":"2000-10-10T00:00:00"}]}
Info: 80 widthdrawn from account {"BankCards":[{"CardNumber":"10555080","Customer":{"Id":0,"Name":"User1","PhoneNumber":"123456","Birthday":"2000-10-10T00:00:00"}}],"AccountNumber":"9881493172","Balance":20,"Customers":[{"Id":0,"Name":"User1","PhoneNumber":"123456","Birthday":"2000-10-10T00:00:00"}]}
Error: CurrentAccount cannot be removed when balance is not 0: {"BankCards":[{"CardNumber":"10555080","Customer":{"Id":0,"Name":"User1","PhoneNumber":"123456","Birthday":"2000-10-10T00:00:00"}}],"AccountNumber":"9881493172","Balance":20,"Customers":[{"Id":0,"Name":"User1","PhoneNumber":"123456","Birthday":"2000-10-10T00:00:00"}]}
Error: 30 cannot be widthdrawn from account {"BankCards":[{"CardNumber":"10555080","Customer":{"Id":0,"Name":"User1","PhoneNumber":"123456","Birthday":"2000-10-10T00:00:00"}}],"AccountNumber":"9881493172","Balance":20,"Customers":[{"Id":0,"Name":"User1","PhoneNumber":"123456","Birthday":"2000-10-10T00:00:00"}]}
Info: 20 widthdrawn from account {"BankCards":[{"CardNumber":"10555080","Customer":{"Id":0,"Name":"User1","PhoneNumber":"123456","Birthday":"2000-10-10T00:00:00"}}],"AccountNumber":"9881493172","Balance":0,"Customers":[{"Id":0,"Name":"User1","PhoneNumber":"123456","Birthday":"2000-10-10T00:00:00"}]}
Info: CurrentAccount removed: {"BankCards":[{"CardNumber":"10555080","Customer":{"Id":0,"Name":"User1","PhoneNumber":"123456","Birthday":"2000-10-10T00:00:00"}}],"AccountNumber":"9881493172","Balance":0,"Customers":[{"Id":0,"Name":"User1","PhoneNumber":"123456","Birthday":"2000-10-10T00:00:00"}]}
Error: 20 cannot be widthdrawn from card {"Balance":0,"CardNumber":"39465220","Customer":{"Id":0,"Name":"User1","PhoneNumber":"123456","Birthday":"2000-10-10T00:00:00"}}
Info: New bank created
Info: New customer created: {"Id":0,"Name":"User1","PhoneNumber":"123456","Birthday":"2000-10-10T00:00:00"}
Info: New customer created: {"Id":1,"Name":"User2","PhoneNumber":"987654","Birthday":"2010-10-10T00:00:00"}
Info: New CurrentAccount created {"BankCards":[],"AccountNumber":"8768339375","Balance":0,"Customers":[]}
Info: New CurrentAccount created {"BankCards":[],"AccountNumber":"5872745800","Balance":0,"Customers":[]}
Info: Customer added to account: {"AccountNumber":"8768339375","Balance":0,"Customers":[{"Id":0,"Name":"User1","PhoneNumber":"123456","Birthday":"2000-10-10T00:00:00"}]}
Info: Customer added to account: {"AccountNumber":"1238876598","Balance":0,"Customers":[{"Id":0,"Name":"User1","PhoneNumber":"123456","Birthday":"2000-10-10T00:00:00"}]}
Info: Customer added to account: {"AccountNumber":"1238876598","Balance":0,"Customers":[{"Id":0,"Name":"User1","PhoneNumber":"123456","Birthday":"2000-10-10T00:00:00"},{"Id":1,"Name":"User2","PhoneNumber":"987654","Birthday":"2010-10-10T00:00:00"}]}
Info: Account number 1234567890 is valid
Error: Account number 8888888888 is not valid
Error: Account number 521 is not valid
Info: Account number 1234567890 is valid
Info: Account number 8888888888 is valid
Error: Account number 521 is not valid
Info: New CreditCard created: {"Balance":0,"CardNumber":"21220062","Customer":{"Id":0,"Name":"User1","PhoneNumber":"123456","Birthday":"2000-10-10T00:00:00"}}
Info: New BankCard created: {"CardNumber":"45044930","Customer":{"Id":0,"Name":"User1","PhoneNumber":"123456","Birthday":"2000-10-10T00:00:00"}}
Info: New BankCard added to account {"BankCards":[{"CardNumber":"45044930","Customer":{"Id":0,"Name":"User1","PhoneNumber":"123456","Birthday":"2000-10-10T00:00:00"}}],"AccountNumber":"8768339375","Balance":0,"Customers":[{"Id":0,"Name":"User1","PhoneNumber":"123456","Birthday":"2000-10-10T00:00:00"}]}
Error: Customer has no access to CurrentAccount, BankCard not added {"Id":1,"Name":"User2","PhoneNumber":"987654","Birthday":"2010-10-10T00:00:00"}
Info: 100 deposited to account {"BankCards":[{"CardNumber":"45044930","Customer":{"Id":0,"Name":"User1","PhoneNumber":"123456","Birthday":"2000-10-10T00:00:00"}}],"AccountNumber":"8768339375","Balance":100,"Customers":[{"Id":0,"Name":"User1","PhoneNumber":"123456","Birthday":"2000-10-10T00:00:00"}]}
Info: 80 widthdrawn from account {"BankCards":[{"CardNumber":"45044930","Customer":{"Id":0,"Name":"User1","PhoneNumber":"123456","Birthday":"2000-10-10T00:00:00"}}],"AccountNumber":"8768339375","Balance":20,"Customers":[{"Id":0,"Name":"User1","PhoneNumber":"123456","Birthday":"2000-10-10T00:00:00"}]}
Error: CurrentAccount cannot be removed when balance is not 0: {"BankCards":[{"CardNumber":"45044930","Customer":{"Id":0,"Name":"User1","PhoneNumber":"123456","Birthday":"2000-10-10T00:00:00"}}],"AccountNumber":"8768339375","Balance":20,"Customers":[{"Id":0,"Name":"User1","PhoneNumber":"123456","Birthday":"2000-10-10T00:00:00"}]}
Error: 30 cannot be widthdrawn from account {"BankCards":[{"CardNumber":"45044930","Customer":{"Id":0,"Name":"User1","PhoneNumber":"123456","Birthday":"2000-10-10T00:00:00"}}],"AccountNumber":"8768339375","Balance":20,"Customers":[{"Id":0,"Name":"User1","PhoneNumber":"123456","Birthday":"2000-10-10T00:00:00"}]}
Info: 20 widthdrawn from account {"BankCards":[{"CardNumber":"45044930","Customer":{"Id":0,"Name":"User1","PhoneNumber":"123456","Birthday":"2000-10-10T00:00:00"}}],"AccountNumber":"8768339375","Balance":0,"Customers":[{"Id":0,"Name":"User1","PhoneNumber":"123456","Birthday":"2000-10-10T00:00:00"}]}
Info: CurrentAccount removed: {"BankCards":[{"CardNumber":"45044930","Customer":{"Id":0,"Name":"User1","PhoneNumber":"123456","Birthday":"2000-10-10T00:00:00"}}],"AccountNumber":"8768339375","Balance":0,"Customers":[{"Id":0,"Name":"User1","PhoneNumber":"123456","Birthday":"2000-10-10T00:00:00"}]}
Error: 20 cannot be widthdrawn from card {"Balance":0,"CardNumber":"21220062","Customer":{"Id":0,"Name":"User1","PhoneNumber":"123456","Birthday":"2000-10-10T00:00:00"}}
Info: New bank created
Info: New customer created: {"Id":0,"Name":"User1","PhoneNumber":"123456","Birthday":"2000-10-10T00:00:00"}
Info: New customer created: {"Id":1,"Name":"User2","PhoneNumber":"987654","Birthday":"2010-10-10T00:00:00"}
Info: New CurrentAccount created {"BankCards":[],"AccountNumber":"7605516606","Balance":0,"Customers":[]}
Info: New CurrentAccount created {"BankCards":[],"AccountNumber":"4044404779","Balance":0,"Customers":[]}
Info: Customer added to account: {"AccountNumber":"7605516606","Balance":0,"Customers":[{"Id":0,"Name":"User1","PhoneNumber":"123456","Birthday":"2000-10-10T00:00:00"}]}
Info: Customer added to account: {"AccountNumber":"1235046188","Balance":0,"Customers":[{"Id":0,"Name":"User1","PhoneNumber":"123456","Birthday":"2000-10-10T00:00:00"}]}
Info: Customer added to account: {"AccountNumber":"1235046188","Balance":0,"Customers":[{"Id":0,"Name":"User1","PhoneNumber":"123456","Birthday":"2000-10-10T00:00:00"},{"Id":1,"Name":"User2","PhoneNumber":"987654","Birthday":"2010-10-10T00:00:00"}]}
Info: CurrentAccount number 1234567890 is valid
Error: CurrentAccount number 8888888888 is not valid
Error: CurrentAccount number 521 is not valid
Info: SavingAccount number 1234567890 is valid
Info: SavingAccount number 8888888888 is valid
Error: SavingAccount number 521 is not valid
Info: New CreditCard created: {"Balance":0,"CardNumber":"48987970","Customer":{"Id":0,"Name":"User1","PhoneNumber":"123456","Birthday":"2000-10-10T00:00:00"}}
Info: New BankCard created: {"CardNumber":"21232596","Customer":{"Id":0,"Name":"User1","PhoneNumber":"123456","Birthday":"2000-10-10T00:00:00"}}
Info: New BankCard added to account {"BankCards":[{"CardNumber":"21232596","Customer":{"Id":0,"Name":"User1","PhoneNumber":"123456","Birthday":"2000-10-10T00:00:00"}}],"AccountNumber":"7605516606","Balance":0,"Customers":[{"Id":0,"Name":"User1","PhoneNumber":"123456","Birthday":"2000-10-10T00:00:00"}]}
Error: Customer has no access to CurrentAccount, BankCard not added {"Id":1,"Name":"User2","PhoneNumber":"987654","Birthday":"2010-10-10T00:00:00"}
Info: 100 deposited to account {"BankCards":[{"CardNumber":"21232596","Customer":{"Id":0,"Name":"User1","PhoneNumber":"123456","Birthday":"2000-10-10T00:00:00"}}],"AccountNumber":"7605516606","Balance":100,"Customers":[{"Id":0,"Name":"User1","PhoneNumber":"123456","Birthday":"2000-10-10T00:00:00"}]}
Info: 80 widthdrawn from account {"BankCards":[{"CardNumber":"21232596","Customer":{"Id":0,"Name":"User1","PhoneNumber":"123456","Birthday":"2000-10-10T00:00:00"}}],"AccountNumber":"7605516606","Balance":20,"Customers":[{"Id":0,"Name":"User1","PhoneNumber":"123456","Birthday":"2000-10-10T00:00:00"}]}
Error: CurrentAccount cannot be removed when balance is not 0: {"BankCards":[{"CardNumber":"21232596","Customer":{"Id":0,"Name":"User1","PhoneNumber":"123456","Birthday":"2000-10-10T00:00:00"}}],"AccountNumber":"7605516606","Balance":20,"Customers":[{"Id":0,"Name":"User1","PhoneNumber":"123456","Birthday":"2000-10-10T00:00:00"}]}
Error: 30 cannot be widthdrawn from account {"BankCards":[{"CardNumber":"21232596","Customer":{"Id":0,"Name":"User1","PhoneNumber":"123456","Birthday":"2000-10-10T00:00:00"}}],"AccountNumber":"7605516606","Balance":20,"Customers":[{"Id":0,"Name":"User1","PhoneNumber":"123456","Birthday":"2000-10-10T00:00:00"}]}
Info: 20 widthdrawn from account {"BankCards":[{"CardNumber":"21232596","Customer":{"Id":0,"Name":"User1","PhoneNumber":"123456","Birthday":"2000-10-10T00:00:00"}}],"AccountNumber":"7605516606","Balance":0,"Customers":[{"Id":0,"Name":"User1","PhoneNumber":"123456","Birthday":"2000-10-10T00:00:00"}]}
Info: CurrentAccount removed: {"BankCards":[{"CardNumber":"21232596","Customer":{"Id":0,"Name":"User1","PhoneNumber":"123456","Birthday":"2000-10-10T00:00:00"}}],"AccountNumber":"7605516606","Balance":0,"Customers":[{"Id":0,"Name":"User1","PhoneNumber":"123456","Birthday":"2000-10-10T00:00:00"}]}
Error: 20 cannot be widthdrawn from card {"Balance":0,"CardNumber":"48987970","Customer":{"Id":0,"Name":"User1","PhoneNumber":"123456","Birthday":"2000-10-10T00:00:00"}}
Info: New bank created
Info: New customer created: {"Id":0,"Name":"User1","PhoneNumber":"123456","Birthday":"2000-10-10T00:00:00"}
Info: New customer created: {"Id":1,"Name":"User2","PhoneNumber":"987654","Birthday":"2010-10-10T00:00:00"}
Info: New CurrentAccount created {"BankCards":[],"AccountNumber":"4283696189","Balance":0,"Customers":[]}
Info: New CurrentAccount created {"BankCards":[],"AccountNumber":"0643087190","Balance":0,"Customers":[]}
Info: Customer added to account: {"AccountNumber":"4283696189","Balance":0,"Customers":[{"Id":0,"Name":"User1","PhoneNumber":"123456","Birthday":"2000-10-10T00:00:00"}]}
Info: Customer added to account: {"AccountNumber":"1233956958","Balance":0,"Customers":[{"Id":0,"Name":"User1","PhoneNumber":"123456","Birthday":"2000-10-10T00:00:00"}]}
Info: Customer added to account: {"AccountNumber":"1233956958","Balance":0,"Customers":[{"Id":0,"Name":"User1","PhoneNumber":"123456","Birthday":"2000-10-10T00:00:00"},{"Id":1,"Name":"User2","PhoneNumber":"987654","Birthday":"2010-10-10T00:00:00"}]}
Info: CurrentAccount number 1234567890 is valid
Error: CurrentAccount number 8888888888 is not valid
Error: CurrentAccount number 12345 is not valid
Info: SavingAccount number 1234567890 is valid
Info: SavingAccount number 8888888888 is valid
Error: SavingAccount number 12345 is not valid
Info: New CreditCard created: {"Balance":0,"CardNumber":"54860661","Customer":{"Id":0,"Name":"User1","PhoneNumber":"123456","Birthday":"2000-10-10T00:00:00"}}
Info: New BankCard created: {"CardNumber":"00400512","Customer":{"Id":0,"Name":"User1","PhoneNumber":"123456","Birthday":"2000-10-10T00:00:00"}}
Info: New BankCard added to account {"BankCards":[{"CardNumber":"00400512","Customer":{"Id":0,"Name":"User1","PhoneNumber":"123456","Birthday":"2000-10-10T00:00:00"}}],"AccountNumber":"4283696189","Balance":0,"Customers":[{"Id":0,"Name":"User1","PhoneNumber":"123456","Birthday":"2000-10-10T00:00:00"}]}
Error: Customer has no access to CurrentAccount, BankCard not added {"Id":1,"Name":"User2","PhoneNumber":"987654","Birthday":"2010-10-10T00:00:00"}
Info: 100 deposited to account {"BankCards":[{"CardNumber":"00400512","Customer":{"Id":0,"Name":"User1","PhoneNumber":"123456","Birthday":"2000-10-10T00:00:00"}}],"AccountNumber":"4283696189","Balance":100,"Customers":[{"Id":0,"Name":"User1","PhoneNumber":"123456","Birthday":"2000-10-10T00:00:00"}]}
Info: 80 widthdrawn from account {"BankCards":[{"CardNumber":"00400512","Customer":{"Id":0,"Name":"User1","PhoneNumber":"123456","Birthday":"2000-10-10T00:00:00"}}],"AccountNumber":"4283696189","Balance":20,"Customers":[{"Id":0,"Name":"User1","PhoneNumber":"123456","Birthday":"2000-10-10T00:00:00"}]}
Error: CurrentAccount cannot be removed when balance is not 0: {"BankCards":[{"CardNumber":"00400512","Customer":{"Id":0,"Name":"User1","PhoneNumber":"123456","Birthday":"2000-10-10T00:00:00"}}],"AccountNumber":"4283696189","Balance":20,"Customers":[{"Id":0,"Name":"User1","PhoneNumber":"123456","Birthday":"2000-10-10T00:00:00"}]}
Error: 30 cannot be widthdrawn from account {"BankCards":[{"CardNumber":"00400512","Customer":{"Id":0,"Name":"User1","PhoneNumber":"123456","Birthday":"2000-10-10T00:00:00"}}],"AccountNumber":"4283696189","Balance":20,"Customers":[{"Id":0,"Name":"User1","PhoneNumber":"123456","Birthday":"2000-10-10T00:00:00"}]}
Info: 20 widthdrawn from account {"BankCards":[{"CardNumber":"00400512","Customer":{"Id":0,"Name":"User1","PhoneNumber":"123456","Birthday":"2000-10-10T00:00:00"}}],"AccountNumber":"4283696189","Balance":0,"Customers":[{"Id":0,"Name":"User1","PhoneNumber":"123456","Birthday":"2000-10-10T00:00:00"}]}
Info: CurrentAccount removed: {"BankCards":[{"CardNumber":"00400512","Customer":{"Id":0,"Name":"User1","PhoneNumber":"123456","Birthday":"2000-10-10T00:00:00"}}],"AccountNumber":"4283696189","Balance":0,"Customers":[{"Id":0,"Name":"User1","PhoneNumber":"123456","Birthday":"2000-10-10T00:00:00"}]}
Error: 20 cannot be widthdrawn from card {"Balance":0,"CardNumber":"54860661","Customer":{"Id":0,"Name":"User1","PhoneNumber":"123456","Birthday":"2000-10-10T00:00:00"}}
